[06-04-2015 05:18:39] PayPal\Core\PayPalHttpConnection: INFO	: POST https://api.sandbox.paypal.com/v1/oauth2/token
[06-04-2015 05:18:40] PayPal\Core\PayPalHttpConnection: INFO	: Response Status 	: 200
[06-04-2015 05:19:10] PayPal\Core\PayPalHttpConnection: INFO	: POST https://api.sandbox.paypal.com/v1/oauth2/token
[06-04-2015 05:19:11] PayPal\Core\PayPalHttpConnection: INFO	: Response Status 	: 200
[06-04-2015 05:19:11] PayPal\Core\PayPalHttpConnection: INFO	: POST https://api.sandbox.paypal.com/v1/vault/credit-cards
[06-04-2015 05:19:12] PayPal\Core\PayPalHttpConnection: INFO	: Response Status 	: 400
[06-04-2015 05:19:12] PayPal\Core\PayPalHttpConnection: ERROR	: Got Http response code 400 when accessing https://api.sandbox.paypal.com/v1/vault/credit-cards. {"name":"VALIDATION_ERROR","details":[{"field":"number","issue":"Value is invalid"},{"field":"expire_year","issue":"Must be numeric (YYYY)"}],"message":"Invalid request - see details","information_link":"https://developer.paypal.com/docs/api/#VALIDATION_ERROR","debug_id":"62afe9a96df3d"}
[06-04-2015 05:21:22] PayPal\Core\PayPalHttpConnection: INFO	: POST https://api.sandbox.paypal.com/v1/oauth2/token
[06-04-2015 05:21:25] PayPal\Core\PayPalHttpConnection: INFO	: Response Status 	: 200
[06-04-2015 05:21:25] PayPal\Core\PayPalHttpConnection: INFO	: POST https://api.sandbox.paypal.com/v1/vault/credit-cards
[06-04-2015 05:21:25] PayPal\Core\PayPalHttpConnection: INFO	: Response Status 	: 400
[06-04-2015 05:21:25] PayPal\Core\PayPalHttpConnection: ERROR	: Got Http response code 400 when accessing https://api.sandbox.paypal.com/v1/vault/credit-cards. {"name":"VALIDATION_ERROR","details":[{"field":"number","issue":"Value is invalid"}],"message":"Invalid request - see details","information_link":"https://developer.paypal.com/docs/api/#VALIDATION_ERROR","debug_id":"547066d88cda8"}
[06-04-2015 05:23:52] PayPal\Core\PayPalHttpConnection: INFO	: POST https://api.sandbox.paypal.com/v1/oauth2/token
[06-04-2015 05:23:55] PayPal\Core\PayPalHttpConnection: INFO	: Response Status 	: 200
[06-04-2015 05:23:55] PayPal\Core\PayPalHttpConnection: INFO	: POST https://api.sandbox.paypal.com/v1/vault/credit-cards
[06-04-2015 05:23:56] PayPal\Core\PayPalHttpConnection: INFO	: Response Status 	: 400
[06-04-2015 05:23:56] PayPal\Core\PayPalHttpConnection: ERROR	: Got Http response code 400 when accessing https://api.sandbox.paypal.com/v1/vault/credit-cards. {"name":"VALIDATION_ERROR","details":[{"field":"number","issue":"Value is invalid"}],"message":"Invalid request - see details","information_link":"https://developer.paypal.com/docs/api/#VALIDATION_ERROR","debug_id":"c6d757cfa0660"}
[06-04-2015 05:24:42] PayPal\Core\PayPalHttpConnection: INFO	: POST https://api.sandbox.paypal.com/v1/oauth2/token
[06-04-2015 05:24:44] PayPal\Core\PayPalHttpConnection: INFO	: Response Status 	: 200
[06-04-2015 05:24:44] PayPal\Core\PayPalHttpConnection: INFO	: POST https://api.sandbox.paypal.com/v1/vault/credit-cards
[06-04-2015 05:24:45] PayPal\Core\PayPalHttpConnection: INFO	: Response Status 	: 201
[06-04-2015 05:24:45] PayPal\Core\PayPalHttpConnection: INFO	: POST https://api.sandbox.paypal.com/v1/oauth2/token
[06-04-2015 05:24:46] PayPal\Core\PayPalHttpConnection: INFO	: Response Status 	: 200
[06-04-2015 05:24:46] PayPal\Core\PayPalHttpConnection: INFO	: POST https://api.sandbox.paypal.com/v1/vault/credit-cards
[06-04-2015 05:24:47] PayPal\Core\PayPalHttpConnection: INFO	: Response Status 	: 201
[06-04-2015 05:53:11] PayPal\Core\PayPalHttpConnection: INFO	: POST https://api.sandbox.paypal.com/v1/oauth2/token
[06-04-2015 05:53:12] PayPal\Core\PayPalHttpConnection: INFO	: Response Status 	: 200
[06-04-2015 05:53:12] PayPal\Core\PayPalHttpConnection: INFO	: POST https://api.sandbox.paypal.com/v1/vault/credit-cards
[06-04-2015 05:53:13] PayPal\Core\PayPalHttpConnection: INFO	: Response Status 	: 201
[06-04-2015 05:55:10] PayPal\Core\PayPalHttpConnection: INFO	: POST https://api.sandbox.paypal.com/v1/oauth2/token
[06-04-2015 05:55:11] PayPal\Core\PayPalHttpConnection: INFO	: Response Status 	: 200
[06-04-2015 05:55:11] PayPal\Core\PayPalHttpConnection: INFO	: POST https://api.sandbox.paypal.com/v1/vault/credit-cards
[06-04-2015 05:55:12] PayPal\Core\PayPalHttpConnection: INFO	: Response Status 	: 201
[06-04-2015 05:55:12] PayPal\Core\PayPalHttpConnection: INFO	: POST https://api.sandbox.paypal.com/v1/payments/payment
[06-04-2015 05:55:43] PayPal\Core\PayPalHttpConnection: INFO	: Response Status 	: 500
[06-04-2015 05:55:43] PayPal\Core\PayPalHttpConnection: ERROR	: Got Http response code 500 when accessing https://api.sandbox.paypal.com/v1/payments/payment. {"name":"INTERNAL_SERVICE_ERROR","message":"An internal service error has occurred","information_link":"https://developer.paypal.com/webapps/developer/docs/api/#INTERNAL_SERVICE_ERROR","debug_id":"a2a1a0307ac23"}
[06-04-2015 05:55:43] PayPal\Core\PayPalHttpConnection: INFO	: POST https://api.sandbox.paypal.com/v1/oauth2/token
[06-04-2015 05:55:44] PayPal\Core\PayPalHttpConnection: INFO	: Response Status 	: 200
[06-04-2015 05:55:44] PayPal\Core\PayPalHttpConnection: INFO	: POST https://api.sandbox.paypal.com/v1/vault/credit-cards
[06-04-2015 05:55:45] PayPal\Core\PayPalHttpConnection: INFO	: Response Status 	: 201
[06-04-2015 05:55:45] PayPal\Core\PayPalHttpConnection: INFO	: POST https://api.sandbox.paypal.com/v1/payments/payment
[06-04-2015 05:56:13] PayPal\Core\PayPalHttpConnection: INFO	: Response Status 	: 201
[06-04-2015 05:59:43] PayPal\Core\PayPalHttpConnection: INFO	: POST https://api.sandbox.paypal.com/v1/oauth2/token
[06-04-2015 05:59:44] PayPal\Core\PayPalHttpConnection: INFO	: Response Status 	: 200
[06-04-2015 05:59:44] PayPal\Core\PayPalHttpConnection: INFO	: POST https://api.sandbox.paypal.com/v1/vault/credit-cards
[06-04-2015 05:59:44] PayPal\Core\PayPalHttpConnection: INFO	: Response Status 	: 201
[06-04-2015 05:59:44] PayPal\Core\PayPalHttpConnection: INFO	: POST https://api.sandbox.paypal.com/v1/payments/payment
[06-04-2015 06:00:12] PayPal\Core\PayPalHttpConnection: INFO	: Response Status 	: 201
[06-04-2015 06:00:12] PayPal\Core\PayPalHttpConnection: INFO	: POST https://api.sandbox.paypal.com/v1/oauth2/token
[06-04-2015 06:00:13] PayPal\Core\PayPalHttpConnection: INFO	: Response Status 	: 200
[06-04-2015 06:00:13] PayPal\Core\PayPalHttpConnection: INFO	: POST https://api.sandbox.paypal.com/v1/vault/credit-cards
[06-04-2015 06:00:13] PayPal\Core\PayPalHttpConnection: INFO	: Response Status 	: 201
[06-04-2015 06:00:13] PayPal\Core\PayPalHttpConnection: INFO	: POST https://api.sandbox.paypal.com/v1/payments/payment
[06-04-2015 06:00:43] PayPal\Core\PayPalHttpConnection: INFO	: Response Status 	: 201
[06-04-2015 06:00:43] PayPal\Core\PayPalHttpConnection: INFO	: POST https://api.sandbox.paypal.com/v1/oauth2/token
[06-04-2015 06:00:44] PayPal\Core\PayPalHttpConnection: INFO	: Response Status 	: 200
[06-04-2015 06:00:44] PayPal\Core\PayPalHttpConnection: INFO	: POST https://api.sandbox.paypal.com/v1/vault/credit-cards
[06-04-2015 06:00:44] PayPal\Core\PayPalHttpConnection: INFO	: Response Status 	: 201
[06-04-2015 06:00:44] PayPal\Core\PayPalHttpConnection: INFO	: POST https://api.sandbox.paypal.com/v1/payments/payment
[06-04-2015 06:01:11] PayPal\Core\PayPalHttpConnection: INFO	: Response Status 	: 201
[06-04-2015 06:02:30] PayPal\Core\PayPalHttpConnection: INFO	: POST https://api.sandbox.paypal.com/v1/oauth2/token
[06-04-2015 06:02:31] PayPal\Core\PayPalHttpConnection: INFO	: Response Status 	: 200
[06-04-2015 06:02:31] PayPal\Core\PayPalHttpConnection: INFO	: POST https://api.sandbox.paypal.com/v1/vault/credit-cards
[06-04-2015 06:02:32] PayPal\Core\PayPalHttpConnection: INFO	: Response Status 	: 201
[06-04-2015 06:02:32] PayPal\Core\PayPalHttpConnection: INFO	: POST https://api.sandbox.paypal.com/v1/payments/payment
[06-04-2015 06:03:02] PayPal\Core\PayPalHttpConnection: INFO	: Response Status 	: 201
[06-04-2015 06:05:39] PayPal\Core\PayPalHttpConnection: INFO	: POST https://api.sandbox.paypal.com/v1/oauth2/token
[06-04-2015 06:05:41] PayPal\Core\PayPalHttpConnection: INFO	: Response Status 	: 200
[06-04-2015 06:05:41] PayPal\Core\PayPalHttpConnection: INFO	: POST https://api.sandbox.paypal.com/v1/vault/credit-cards
[06-04-2015 06:05:42] PayPal\Core\PayPalHttpConnection: INFO	: Response Status 	: 201
[06-04-2015 06:05:42] PayPal\Core\PayPalHttpConnection: INFO	: POST https://api.sandbox.paypal.com/v1/payments/payment
[06-04-2015 06:06:12] PayPal\Core\PayPalHttpConnection: INFO	: Response Status 	: 201
[06-04-2015 06:06:12] PayPal\Core\PayPalHttpConnection: INFO	: POST https://api.sandbox.paypal.com/v1/oauth2/token
[06-04-2015 06:06:14] PayPal\Core\PayPalHttpConnection: INFO	: Response Status 	: 200
[06-04-2015 06:06:14] PayPal\Core\PayPalHttpConnection: INFO	: POST https://api.sandbox.paypal.com/v1/vault/credit-cards
[06-04-2015 06:06:15] PayPal\Core\PayPalHttpConnection: INFO	: Response Status 	: 201
[06-04-2015 06:06:15] PayPal\Core\PayPalHttpConnection: INFO	: POST https://api.sandbox.paypal.com/v1/payments/payment
[06-04-2015 06:06:43] PayPal\Core\PayPalHttpConnection: INFO	: Response Status 	: 201
[06-04-2015 06:07:18] PayPal\Core\PayPalHttpConnection: INFO	: POST https://api.sandbox.paypal.com/v1/oauth2/token
[06-04-2015 06:07:19] PayPal\Core\PayPalHttpConnection: INFO	: Response Status 	: 200
[06-04-2015 06:07:19] PayPal\Core\PayPalHttpConnection: INFO	: POST https://api.sandbox.paypal.com/v1/vault/credit-cards
[06-04-2015 06:07:20] PayPal\Core\PayPalHttpConnection: INFO	: Response Status 	: 201
[06-04-2015 06:07:20] PayPal\Core\PayPalHttpConnection: INFO	: POST https://api.sandbox.paypal.com/v1/payments/payment
[06-04-2015 06:07:46] PayPal\Core\PayPalHttpConnection: INFO	: Response Status 	: 201
[06-04-2015 06:08:37] PayPal\Core\PayPalHttpConnection: INFO	: POST https://api.sandbox.paypal.com/v1/oauth2/token
[06-04-2015 06:08:38] PayPal\Core\PayPalHttpConnection: INFO	: Response Status 	: 200
[06-04-2015 06:08:38] PayPal\Core\PayPalHttpConnection: INFO	: POST https://api.sandbox.paypal.com/v1/vault/credit-cards
[06-04-2015 06:08:39] PayPal\Core\PayPalHttpConnection: INFO	: Response Status 	: 201
[06-04-2015 06:08:39] PayPal\Core\PayPalHttpConnection: INFO	: POST https://api.sandbox.paypal.com/v1/payments/payment
[06-04-2015 06:09:06] PayPal\Core\PayPalHttpConnection: INFO	: Response Status 	: 201
[06-04-2015 06:09:06] PayPal\Core\PayPalHttpConnection: INFO	: POST https://api.sandbox.paypal.com/v1/oauth2/token
[06-04-2015 06:09:07] PayPal\Core\PayPalHttpConnection: INFO	: Response Status 	: 200
[06-04-2015 06:09:07] PayPal\Core\PayPalHttpConnection: INFO	: POST https://api.sandbox.paypal.com/v1/vault/credit-cards
[06-04-2015 06:09:08] PayPal\Core\PayPalHttpConnection: INFO	: Response Status 	: 201
[06-04-2015 06:09:08] PayPal\Core\PayPalHttpConnection: INFO	: POST https://api.sandbox.paypal.com/v1/payments/payment
[06-04-2015 06:09:35] PayPal\Core\PayPalHttpConnection: INFO	: Response Status 	: 201
[06-04-2015 06:12:08] PayPal\Core\PayPalHttpConnection: INFO	: POST https://api.sandbox.paypal.com/v1/oauth2/token
[06-04-2015 06:12:10] PayPal\Core\PayPalHttpConnection: INFO	: Response Status 	: 200
[06-04-2015 06:12:10] PayPal\Core\PayPalHttpConnection: INFO	: POST https://api.sandbox.paypal.com/v1/vault/credit-cards
[06-04-2015 06:12:10] PayPal\Core\PayPalHttpConnection: INFO	: Response Status 	: 201
[06-04-2015 06:12:10] PayPal\Core\PayPalHttpConnection: INFO	: POST https://api.sandbox.paypal.com/v1/payments/payment
[06-04-2015 06:12:36] PayPal\Core\PayPalHttpConnection: INFO	: Response Status 	: 201
[06-04-2015 06:17:19] PayPal\Core\PayPalHttpConnection: INFO	: POST https://api.sandbox.paypal.com/v1/oauth2/token
[06-04-2015 06:17:20] PayPal\Core\PayPalHttpConnection: INFO	: Response Status 	: 200
[06-04-2015 06:17:20] PayPal\Core\PayPalHttpConnection: INFO	: POST https://api.sandbox.paypal.com/v1/vault/credit-cards
[06-04-2015 06:17:21] PayPal\Core\PayPalHttpConnection: INFO	: Response Status 	: 201
[06-04-2015 06:17:21] PayPal\Core\PayPalHttpConnection: INFO	: POST https://api.sandbox.paypal.com/v1/payments/payment
[06-04-2015 06:17:50] PayPal\Core\PayPalHttpConnection: INFO	: Response Status 	: 201
[06-04-2015 06:40:17] PayPal\Core\PayPalHttpConnection: INFO	: POST https://api.sandbox.paypal.com/v1/oauth2/token
[06-04-2015 06:40:19] PayPal\Core\PayPalHttpConnection: INFO	: Response Status 	: 200
[06-04-2015 06:40:19] PayPal\Core\PayPalHttpConnection: INFO	: POST https://api.sandbox.paypal.com/v1/vault/credit-cards
[06-04-2015 06:40:20] PayPal\Core\PayPalHttpConnection: INFO	: Response Status 	: 201
[06-04-2015 06:40:20] PayPal\Core\PayPalHttpConnection: INFO	: POST https://api.sandbox.paypal.com/v1/payments/payment
[06-04-2015 06:40:47] PayPal\Core\PayPalHttpConnection: INFO	: Response Status 	: 201
[06-04-2015 06:41:30] PayPal\Core\PayPalHttpConnection: INFO	: POST https://api.sandbox.paypal.com/v1/oauth2/token
[06-04-2015 06:41:31] PayPal\Core\PayPalHttpConnection: INFO	: Response Status 	: 200
[06-04-2015 06:41:31] PayPal\Core\PayPalHttpConnection: INFO	: POST https://api.sandbox.paypal.com/v1/vault/credit-cards
[06-04-2015 06:41:32] PayPal\Core\PayPalHttpConnection: INFO	: Response Status 	: 201
[06-04-2015 06:41:32] PayPal\Core\PayPalHttpConnection: INFO	: POST https://api.sandbox.paypal.com/v1/payments/payment
[06-04-2015 06:42:02] PayPal\Core\PayPalHttpConnection: INFO	: Response Status 	: 201
[06-04-2015 06:42:56] PayPal\Core\PayPalHttpConnection: INFO	: POST https://api.sandbox.paypal.com/v1/oauth2/token
[06-04-2015 06:42:57] PayPal\Core\PayPalHttpConnection: INFO	: Response Status 	: 200
[06-04-2015 06:42:57] PayPal\Core\PayPalHttpConnection: INFO	: POST https://api.sandbox.paypal.com/v1/vault/credit-cards
[06-04-2015 06:42:58] PayPal\Core\PayPalHttpConnection: INFO	: Response Status 	: 201
[06-04-2015 06:42:58] PayPal\Core\PayPalHttpConnection: INFO	: POST https://api.sandbox.paypal.com/v1/payments/payment
[06-04-2015 06:42:58] PayPal\Core\PayPalHttpConnection: INFO	: Response Status 	: 400
[06-04-2015 06:42:58] PayPal\Core\PayPalHttpConnection: ERROR	: Got Http response code 400 when accessing https://api.sandbox.paypal.com/v1/payments/payment. {"name":"VALIDATION_ERROR","details":[{"field":"transactions[0].amount","issue":"Amount cannot be zero"}],"message":"Invalid request - see details","information_link":"https://developer.paypal.com/webapps/developer/docs/api/#VALIDATION_ERROR","debug_id":"14bef1bd24345"}
[06-04-2015 06:43:03] PayPal\Core\PayPalHttpConnection: INFO	: POST https://api.sandbox.paypal.com/v1/oauth2/token
[06-04-2015 06:43:04] PayPal\Core\PayPalHttpConnection: INFO	: Response Status 	: 200
[06-04-2015 06:43:04] PayPal\Core\PayPalHttpConnection: INFO	: POST https://api.sandbox.paypal.com/v1/vault/credit-cards
[06-04-2015 06:43:05] PayPal\Core\PayPalHttpConnection: INFO	: Response Status 	: 201
[06-04-2015 06:43:05] PayPal\Core\PayPalHttpConnection: INFO	: POST https://api.sandbox.paypal.com/v1/payments/payment
[06-04-2015 06:43:06] PayPal\Core\PayPalHttpConnection: INFO	: Response Status 	: 400
[06-04-2015 06:43:06] PayPal\Core\PayPalHttpConnection: ERROR	: Got Http response code 400 when accessing https://api.sandbox.paypal.com/v1/payments/payment. {"name":"VALIDATION_ERROR","details":[{"field":"transactions[0].amount","issue":"Amount cannot be zero"}],"message":"Invalid request - see details","information_link":"https://developer.paypal.com/webapps/developer/docs/api/#VALIDATION_ERROR","debug_id":"0ca1495a3a6fc"}
[06-04-2015 06:43:06] PayPal\Core\PayPalHttpConnection: INFO	: POST https://api.sandbox.paypal.com/v1/oauth2/token
[06-04-2015 06:43:07] PayPal\Core\PayPalHttpConnection: INFO	: Response Status 	: 200
[06-04-2015 06:43:07] PayPal\Core\PayPalHttpConnection: INFO	: POST https://api.sandbox.paypal.com/v1/vault/credit-cards
[06-04-2015 06:43:08] PayPal\Core\PayPalHttpConnection: INFO	: Response Status 	: 201
[06-04-2015 06:43:08] PayPal\Core\PayPalHttpConnection: INFO	: POST https://api.sandbox.paypal.com/v1/payments/payment
[06-04-2015 06:43:08] PayPal\Core\PayPalHttpConnection: INFO	: Response Status 	: 400
[06-04-2015 06:43:08] PayPal\Core\PayPalHttpConnection: ERROR	: Got Http response code 400 when accessing https://api.sandbox.paypal.com/v1/payments/payment. {"name":"VALIDATION_ERROR","details":[{"field":"transactions[0].amount","issue":"Amount cannot be zero"}],"message":"Invalid request - see details","information_link":"https://developer.paypal.com/webapps/developer/docs/api/#VALIDATION_ERROR","debug_id":"2f2b13ac3a87e"}
[06-04-2015 06:43:20] PayPal\Core\PayPalHttpConnection: INFO	: POST https://api.sandbox.paypal.com/v1/oauth2/token
[06-04-2015 06:43:21] PayPal\Core\PayPalHttpConnection: INFO	: Response Status 	: 200
[06-04-2015 06:43:21] PayPal\Core\PayPalHttpConnection: INFO	: POST https://api.sandbox.paypal.com/v1/vault/credit-cards
[06-04-2015 06:43:22] PayPal\Core\PayPalHttpConnection: INFO	: Response Status 	: 201
[06-04-2015 06:43:22] PayPal\Core\PayPalHttpConnection: INFO	: POST https://api.sandbox.paypal.com/v1/payments/payment
[06-04-2015 06:43:22] PayPal\Core\PayPalHttpConnection: INFO	: Response Status 	: 400
[06-04-2015 06:43:22] PayPal\Core\PayPalHttpConnection: ERROR	: Got Http response code 400 when accessing https://api.sandbox.paypal.com/v1/payments/payment. {"name":"VALIDATION_ERROR","details":[{"field":"transactions[0].amount","issue":"Amount cannot be zero"}],"message":"Invalid request - see details","information_link":"https://developer.paypal.com/webapps/developer/docs/api/#VALIDATION_ERROR","debug_id":"23065f6d3e5ce"}
[06-04-2015 08:52:42] PayPal\Core\PayPalHttpConnection: INFO	: POST https://api.sandbox.paypal.com/v1/oauth2/token
[06-04-2015 08:52:44] PayPal\Core\PayPalHttpConnection: INFO	: Response Status 	: 200
[06-04-2015 08:52:44] PayPal\Core\PayPalHttpConnection: INFO	: POST https://api.sandbox.paypal.com/v1/payments/payment
[06-04-2015 08:52:45] PayPal\Core\PayPalHttpConnection: INFO	: Response Status 	: 201
[06-04-2015 08:53:50] PayPal\Core\PayPalHttpConnection: INFO	: POST https://api.sandbox.paypal.com/v1/oauth2/token
[06-04-2015 08:53:51] PayPal\Core\PayPalHttpConnection: INFO	: Response Status 	: 200
[06-04-2015 08:53:51] PayPal\Core\PayPalHttpConnection: INFO	: POST https://api.sandbox.paypal.com/v1/payments/payment
[06-04-2015 08:53:52] PayPal\Core\PayPalHttpConnection: INFO	: Response Status 	: 201
[06-04-2015 08:55:31] PayPal\Core\PayPalHttpConnection: INFO	: POST https://api.sandbox.paypal.com/v1/oauth2/token
[06-04-2015 08:55:32] PayPal\Core\PayPalHttpConnection: INFO	: Response Status 	: 200
[06-04-2015 08:55:32] PayPal\Core\PayPalHttpConnection: INFO	: POST https://api.sandbox.paypal.com/v1/payments/payment
[06-04-2015 08:55:33] PayPal\Core\PayPalHttpConnection: INFO	: Response Status 	: 201
[06-04-2015 08:56:47] PayPal\Core\PayPalHttpConnection: INFO	: POST https://api.sandbox.paypal.com/v1/oauth2/token
[06-04-2015 08:56:48] PayPal\Core\PayPalHttpConnection: INFO	: Response Status 	: 200
[06-04-2015 08:56:48] PayPal\Core\PayPalHttpConnection: INFO	: POST https://api.sandbox.paypal.com/v1/payments/payment
[06-04-2015 08:56:49] PayPal\Core\PayPalHttpConnection: INFO	: Response Status 	: 201
[06-04-2015 08:57:17] PayPal\Core\PayPalHttpConnection: INFO	: POST https://api.sandbox.paypal.com/v1/oauth2/token
[06-04-2015 08:57:18] PayPal\Core\PayPalHttpConnection: INFO	: Response Status 	: 200
[06-04-2015 08:57:18] PayPal\Core\PayPalHttpConnection: INFO	: POST https://api.sandbox.paypal.com/v1/payments/payment
[06-04-2015 08:57:19] PayPal\Core\PayPalHttpConnection: INFO	: Response Status 	: 201
[06-04-2015 08:59:29] PayPal\Core\PayPalHttpConnection: INFO	: POST https://api.sandbox.paypal.com/v1/oauth2/token
[06-04-2015 08:59:31] PayPal\Core\PayPalHttpConnection: INFO	: Response Status 	: 200
[06-04-2015 08:59:31] PayPal\Core\PayPalHttpConnection: INFO	: POST https://api.sandbox.paypal.com/v1/payments/payment
[06-04-2015 08:59:32] PayPal\Core\PayPalHttpConnection: INFO	: Response Status 	: 201
[06-04-2015 08:59:49] PayPal\Core\PayPalHttpConnection: INFO	: POST https://api.sandbox.paypal.com/v1/oauth2/token
[06-04-2015 08:59:50] PayPal\Core\PayPalHttpConnection: INFO	: Response Status 	: 200
[06-04-2015 08:59:50] PayPal\Core\PayPalHttpConnection: INFO	: POST https://api.sandbox.paypal.com/v1/payments/payment
[06-04-2015 08:59:51] PayPal\Core\PayPalHttpConnection: INFO	: Response Status 	: 201
[06-04-2015 09:02:15] PayPal\Core\PayPalHttpConnection: INFO	: POST https://api.sandbox.paypal.com/v1/oauth2/token
[06-04-2015 09:02:17] PayPal\Core\PayPalHttpConnection: INFO	: Response Status 	: 200
[06-04-2015 09:02:17] PayPal\Core\PayPalHttpConnection: INFO	: POST https://api.sandbox.paypal.com/v1/payments/payment
[06-04-2015 09:02:18] PayPal\Core\PayPalHttpConnection: INFO	: Response Status 	: 201
[06-04-2015 09:09:15] PayPal\Core\PayPalHttpConnection: INFO	: POST https://api.sandbox.paypal.com/v1/oauth2/token
[06-04-2015 09:09:17] PayPal\Core\PayPalHttpConnection: INFO	: Response Status 	: 200
[06-04-2015 09:09:17] PayPal\Core\PayPalHttpConnection: INFO	: POST https://api.sandbox.paypal.com/v1/payments/payment
[06-04-2015 09:09:18] PayPal\Core\PayPalHttpConnection: INFO	: Response Status 	: 201
[06-04-2015 09:10:52] PayPal\Core\PayPalHttpConnection: INFO	: POST https://api.sandbox.paypal.com/v1/oauth2/token
[06-04-2015 09:10:53] PayPal\Core\PayPalHttpConnection: INFO	: Response Status 	: 200
[06-04-2015 09:10:53] PayPal\Core\PayPalHttpConnection: INFO	: POST https://api.sandbox.paypal.com/v1/payments/payment
[06-04-2015 09:10:54] PayPal\Core\PayPalHttpConnection: INFO	: Response Status 	: 201
[06-04-2015 09:11:54] PayPal\Core\PayPalHttpConnection: INFO	: POST https://api.sandbox.paypal.com/v1/oauth2/token
[06-04-2015 09:11:55] PayPal\Core\PayPalHttpConnection: INFO	: Response Status 	: 200
[06-04-2015 09:11:55] PayPal\Core\PayPalHttpConnection: INFO	: POST https://api.sandbox.paypal.com/v1/payments/payment
[06-04-2015 09:11:56] PayPal\Core\PayPalHttpConnection: INFO	: Response Status 	: 201
[06-04-2015 09:12:51] PayPal\Core\PayPalHttpConnection: INFO	: POST https://api.sandbox.paypal.com/v1/oauth2/token
[06-04-2015 09:12:52] PayPal\Core\PayPalHttpConnection: INFO	: Response Status 	: 200
[06-04-2015 09:12:52] PayPal\Core\PayPalHttpConnection: INFO	: POST https://api.sandbox.paypal.com/v1/payments/payment
[06-04-2015 09:12:53] PayPal\Core\PayPalHttpConnection: INFO	: Response Status 	: 201
[06-04-2015 09:22:08] PayPal\Core\PayPalHttpConnection: INFO	: POST https://api.sandbox.paypal.com/v1/oauth2/token
[06-04-2015 09:22:09] PayPal\Core\PayPalHttpConnection: INFO	: Response Status 	: 200
[06-04-2015 09:22:09] PayPal\Core\PayPalHttpConnection: INFO	: GET https://api.sandbox.paypal.com/v1/payments/payment/PAY-3LB37925LE9750031KURPNVQ
[06-04-2015 09:22:10] PayPal\Core\PayPalHttpConnection: INFO	: Response Status 	: 200
[06-04-2015 09:22:10] PayPal\Core\PayPalHttpConnection: INFO	: POST https://api.sandbox.paypal.com/v1/payments/payment/PAY-3LB37925LE9750031KURPNVQ/execute
[06-04-2015 09:22:13] PayPal\Core\PayPalHttpConnection: INFO	: Response Status 	: 200
[06-04-2015 09:29:31] PayPal\Core\PayPalHttpConnection: INFO	: POST https://api.sandbox.paypal.com/v1/oauth2/token
[06-04-2015 09:29:33] PayPal\Core\PayPalHttpConnection: INFO	: Response Status 	: 200
[06-04-2015 09:29:33] PayPal\Core\PayPalHttpConnection: INFO	: POST https://api.sandbox.paypal.com/v1/payments/payment
[06-04-2015 09:29:34] PayPal\Core\PayPalHttpConnection: INFO	: Response Status 	: 201
[06-04-2015 09:29:52] PayPal\Core\PayPalHttpConnection: INFO	: POST https://api.sandbox.paypal.com/v1/oauth2/token
[06-04-2015 09:29:53] PayPal\Core\PayPalHttpConnection: INFO	: Response Status 	: 200
[06-04-2015 09:29:53] PayPal\Core\PayPalHttpConnection: INFO	: GET https://api.sandbox.paypal.com/v1/payments/payment/PAY-164272628P156271PKURPVPQ
[06-04-2015 09:29:54] PayPal\Core\PayPalHttpConnection: INFO	: Response Status 	: 200
[06-04-2015 09:29:54] PayPal\Core\PayPalHttpConnection: INFO	: POST https://api.sandbox.paypal.com/v1/payments/payment/PAY-164272628P156271PKURPVPQ/execute
[06-04-2015 09:29:57] PayPal\Core\PayPalHttpConnection: INFO	: Response Status 	: 200
[06-04-2015 09:37:05] PayPal\Core\PayPalHttpConnection: INFO	: POST https://api.sandbox.paypal.com/v1/oauth2/token
[06-04-2015 09:37:06] PayPal\Core\PayPalHttpConnection: INFO	: Response Status 	: 200
[06-04-2015 09:37:06] PayPal\Core\PayPalHttpConnection: INFO	: GET https://api.sandbox.paypal.com/v1/payments/payment/PAY-164272628P156271PKURPVPQ
[06-04-2015 09:37:08] PayPal\Core\PayPalHttpConnection: INFO	: Response Status 	: 200
[06-04-2015 09:37:08] PayPal\Core\PayPalHttpConnection: INFO	: POST https://api.sandbox.paypal.com/v1/payments/payment/PAY-164272628P156271PKURPVPQ/execute
[06-04-2015 09:37:08] PayPal\Core\PayPalHttpConnection: INFO	: Response Status 	: 400
[06-04-2015 09:37:08] PayPal\Core\PayPalHttpConnection: ERROR	: Got Http response code 400 when accessing https://api.sandbox.paypal.com/v1/payments/payment/PAY-164272628P156271PKURPVPQ/execute. {"name":"PAYMENT_STATE_INVALID","message":"This request is invalid due to the current state of the payment","information_link":"https://developer.paypal.com/webapps/developer/docs/api/#PAYMENT_STATE_INVALID","debug_id":"1e46361c36340"}
[06-04-2015 09:39:05] PayPal\Core\PayPalHttpConnection: INFO	: POST https://api.sandbox.paypal.com/v1/oauth2/token
[06-04-2015 09:39:06] PayPal\Core\PayPalHttpConnection: INFO	: Response Status 	: 200
[06-04-2015 09:39:06] PayPal\Core\PayPalHttpConnection: INFO	: GET https://api.sandbox.paypal.com/v1/payments/payment/PAY-164272628P156271PKURPVPQ
[06-04-2015 09:39:07] PayPal\Core\PayPalHttpConnection: INFO	: Response Status 	: 200
[06-04-2015 09:39:07] PayPal\Core\PayPalHttpConnection: INFO	: POST https://api.sandbox.paypal.com/v1/payments/payment/PAY-164272628P156271PKURPVPQ/execute
[06-04-2015 09:39:08] PayPal\Core\PayPalHttpConnection: INFO	: Response Status 	: 400
[06-04-2015 09:39:08] PayPal\Core\PayPalHttpConnection: ERROR	: Got Http response code 400 when accessing https://api.sandbox.paypal.com/v1/payments/payment/PAY-164272628P156271PKURPVPQ/execute. {"name":"PAYMENT_STATE_INVALID","message":"This request is invalid due to the current state of the payment","information_link":"https://developer.paypal.com/webapps/developer/docs/api/#PAYMENT_STATE_INVALID","debug_id":"b7f13be15351a"}
[06-04-2015 09:46:41] PayPal\Core\PayPalHttpConnection: INFO	: POST https://api.sandbox.paypal.com/v1/oauth2/token
[06-04-2015 09:46:42] PayPal\Core\PayPalHttpConnection: INFO	: Response Status 	: 200
[06-04-2015 09:46:42] PayPal\Core\PayPalHttpConnection: INFO	: POST https://api.sandbox.paypal.com/v1/payments/payment
[06-04-2015 09:46:43] PayPal\Core\PayPalHttpConnection: INFO	: Response Status 	: 201
[06-04-2015 09:47:08] PayPal\Core\PayPalHttpConnection: INFO	: POST https://api.sandbox.paypal.com/v1/oauth2/token
[06-04-2015 09:47:09] PayPal\Core\PayPalHttpConnection: INFO	: Response Status 	: 200
[06-04-2015 09:47:09] PayPal\Core\PayPalHttpConnection: INFO	: POST https://api.sandbox.paypal.com/v1/payments/payment
[06-04-2015 09:47:10] PayPal\Core\PayPalHttpConnection: INFO	: Response Status 	: 201
[06-04-2015 09:48:32] PayPal\Core\PayPalHttpConnection: INFO	: POST https://api.sandbox.paypal.com/v1/oauth2/token
[06-04-2015 09:48:33] PayPal\Core\PayPalHttpConnection: INFO	: Response Status 	: 200
[06-04-2015 09:48:33] PayPal\Core\PayPalHttpConnection: INFO	: POST https://api.sandbox.paypal.com/v1/payments/payment
[06-04-2015 09:48:34] PayPal\Core\PayPalHttpConnection: INFO	: Response Status 	: 201
[06-04-2015 09:49:06] PayPal\Core\PayPalHttpConnection: INFO	: POST https://api.sandbox.paypal.com/v1/oauth2/token
[06-04-2015 09:49:07] PayPal\Core\PayPalHttpConnection: INFO	: Response Status 	: 200
[06-04-2015 09:49:07] PayPal\Core\PayPalHttpConnection: INFO	: POST https://api.sandbox.paypal.com/v1/payments/payment
[06-04-2015 09:49:08] PayPal\Core\PayPalHttpConnection: INFO	: Response Status 	: 201
[06-04-2015 09:49:29] PayPal\Core\PayPalHttpConnection: INFO	: POST https://api.sandbox.paypal.com/v1/oauth2/token
[06-04-2015 09:49:30] PayPal\Core\PayPalHttpConnection: INFO	: Response Status 	: 200
[06-04-2015 09:49:30] PayPal\Core\PayPalHttpConnection: INFO	: GET https://api.sandbox.paypal.com/v1/payments/payment/PAY-94X39551D8969770CKURP6VI
[06-04-2015 09:49:31] PayPal\Core\PayPalHttpConnection: INFO	: Response Status 	: 200
[06-04-2015 09:49:31] PayPal\Core\PayPalHttpConnection: INFO	: POST https://api.sandbox.paypal.com/v1/payments/payment/PAY-94X39551D8969770CKURP6VI/execute
[06-04-2015 09:49:33] PayPal\Core\PayPalHttpConnection: INFO	: Response Status 	: 200
[06-04-2015 09:50:10] PayPal\Core\PayPalHttpConnection: INFO	: POST https://api.sandbox.paypal.com/v1/oauth2/token
[06-04-2015 09:50:11] PayPal\Core\PayPalHttpConnection: INFO	: Response Status 	: 200
[06-04-2015 09:50:11] PayPal\Core\PayPalHttpConnection: INFO	: GET https://api.sandbox.paypal.com/v1/payments/payment/PAY-94X39551D8969770CKURP6VI
[06-04-2015 09:50:12] PayPal\Core\PayPalHttpConnection: INFO	: Response Status 	: 200
[06-04-2015 09:50:12] PayPal\Core\PayPalHttpConnection: INFO	: POST https://api.sandbox.paypal.com/v1/payments/payment/PAY-94X39551D8969770CKURP6VI/execute
[06-04-2015 09:50:13] PayPal\Core\PayPalHttpConnection: INFO	: Response Status 	: 400
[06-04-2015 09:50:13] PayPal\Core\PayPalHttpConnection: ERROR	: Got Http response code 400 when accessing https://api.sandbox.paypal.com/v1/payments/payment/PAY-94X39551D8969770CKURP6VI/execute. {"name":"PAYMENT_STATE_INVALID","message":"This request is invalid due to the current state of the payment","information_link":"https://developer.paypal.com/webapps/developer/docs/api/#PAYMENT_STATE_INVALID","debug_id":"686d357ef6bc5"}
[06-04-2015 09:50:47] PayPal\Core\PayPalHttpConnection: INFO	: POST https://api.sandbox.paypal.com/v1/oauth2/token
[06-04-2015 09:50:48] PayPal\Core\PayPalHttpConnection: INFO	: Response Status 	: 200
[06-04-2015 09:50:48] PayPal\Core\PayPalHttpConnection: INFO	: POST https://api.sandbox.paypal.com/v1/payments/payment
[06-04-2015 09:50:49] PayPal\Core\PayPalHttpConnection: INFO	: Response Status 	: 201
[06-04-2015 09:51:03] PayPal\Core\PayPalHttpConnection: INFO	: POST https://api.sandbox.paypal.com/v1/oauth2/token
[06-04-2015 09:51:04] PayPal\Core\PayPalHttpConnection: INFO	: Response Status 	: 200
[06-04-2015 09:51:04] PayPal\Core\PayPalHttpConnection: INFO	: GET https://api.sandbox.paypal.com/v1/payments/payment/PAY-9R537649JY265034GKURP7OQ
[06-04-2015 09:51:05] PayPal\Core\PayPalHttpConnection: INFO	: Response Status 	: 200
[06-04-2015 09:51:05] PayPal\Core\PayPalHttpConnection: INFO	: POST https://api.sandbox.paypal.com/v1/payments/payment/PAY-9R537649JY265034GKURP7OQ/execute
[06-04-2015 09:51:07] PayPal\Core\PayPalHttpConnection: INFO	: Response Status 	: 200
[06-04-2015 09:51:31] PayPal\Core\PayPalHttpConnection: INFO	: POST https://api.sandbox.paypal.com/v1/oauth2/token
[06-04-2015 09:51:32] PayPal\Core\PayPalHttpConnection: INFO	: Response Status 	: 200
[06-04-2015 09:51:32] PayPal\Core\PayPalHttpConnection: INFO	: GET https://api.sandbox.paypal.com/v1/payments/payment/PAY-9R537649JY265034GKURP7OQ
[06-04-2015 09:51:33] PayPal\Core\PayPalHttpConnection: INFO	: Response Status 	: 200
[06-04-2015 09:51:33] PayPal\Core\PayPalHttpConnection: INFO	: POST https://api.sandbox.paypal.com/v1/payments/payment/PAY-9R537649JY265034GKURP7OQ/execute
[06-04-2015 09:51:33] PayPal\Core\PayPalHttpConnection: INFO	: Response Status 	: 400
[06-04-2015 09:51:33] PayPal\Core\PayPalHttpConnection: ERROR	: Got Http response code 400 when accessing https://api.sandbox.paypal.com/v1/payments/payment/PAY-9R537649JY265034GKURP7OQ/execute. {"name":"PAYMENT_STATE_INVALID","message":"This request is invalid due to the current state of the payment","information_link":"https://developer.paypal.com/webapps/developer/docs/api/#PAYMENT_STATE_INVALID","debug_id":"a852089bebfc8"}
[07-04-2015 02:02:04] PayPal\Core\PayPalHttpConnection: INFO	: POST https://api.sandbox.paypal.com/v1/oauth2/token
[07-04-2015 02:02:07] PayPal\Core\PayPalHttpConnection: INFO	: Response Status 	: 200
[07-04-2015 02:02:07] PayPal\Core\PayPalHttpConnection: INFO	: POST https://api.sandbox.paypal.com/v1/payments/payment
[07-04-2015 02:02:08] PayPal\Core\PayPalHttpConnection: INFO	: Response Status 	: 201
[07-04-2015 02:02:25] PayPal\Core\PayPalHttpConnection: INFO	: POST https://api.sandbox.paypal.com/v1/oauth2/token
[07-04-2015 02:02:29] PayPal\Core\PayPalHttpConnection: INFO	: Response Status 	: 200
[07-04-2015 02:02:29] PayPal\Core\PayPalHttpConnection: INFO	: GET https://api.sandbox.paypal.com/v1/payments/payment/PAY-1K959939RL844273YKURTVII
[07-04-2015 02:02:30] PayPal\Core\PayPalHttpConnection: INFO	: Response Status 	: 200
[07-04-2015 02:02:30] PayPal\Core\PayPalHttpConnection: INFO	: POST https://api.sandbox.paypal.com/v1/payments/payment/PAY-1K959939RL844273YKURTVII/execute
[07-04-2015 02:02:33] PayPal\Core\PayPalHttpConnection: INFO	: Response Status 	: 200
